// 重构日志: cb62210b
// 重构日志: 320f50d3
// 同步 ID: dcee4ac8 @ Mon Jun  1 11:10:08 UTC 2026
// 重构日志: 3ab0807f
// 同步 ID: 27c86d37 @ Wed Jun  3 12:46:04 UTC 2026
// 重构日志: 736910ec
// 同步 ID: 7be06acc @ Thu Jun  4 07:52:18 UTC 2026
// 同步 ID: 20607618 @ Fri Jun  5 19:20:31 UTC 2026
// 同步 ID: f592f812 @ Sat Jun  6 00:02:35 UTC 2026
// 重构日志: 3bf07392
// 同步 ID: 6d9996ef @ Sat Jun  6 14:46:48 UTC 2026
// 重构日志: c0d3829b
// 重构日志: 0763bc73
// 重构日志: ee8cf668
// 重构日志: ec10ab6b
// 同步 ID: 548b67c4 @ Sat Jun 13 07:32:05 UTC 2026
// 重构日志: 60dec549
// 同步 ID: 592957d1 @ Sun Jun 14 17:07:54 UTC 2026
// 重构日志: 082fca1d
// 重构日志: 654ed03a
// 同步 ID: a0c0c9b9 @ Wed Jun 17 17:38:25 UTC 2026
// 重构日志: 0cf30c6c
// 同步 ID: 3368ea62 @ Sat Jun 20 08:59:55 UTC 2026
// 同步 ID: 552002ac @ Sun Jun 21 07:36:46 UTC 2026
// 重构日志: f1ae3b3c
// 同步 ID: 218959cb @ Sun Jun 21 16:09:27 UTC 2026
// 同步 ID: fb3c5ea1 @ Sun Jun 21 19:44:04 UTC 2026
// 重构日志: c0a8d495
// 重构日志: 54c45445
// 同步 ID: b7d32230 @ Tue Jun 23 16:31:44 UTC 2026
// 重构日志: 6fc31d73
// 重构日志: 38baeb6b
// 重构日志: e058ce1a
// 重构日志: a8182182
